<?xml version="1.0" encoding="UTF-8"?>
<coverage generated="1761418411339" clover="3.2.0">
  <project timestamp="1761418411339" name="All files">
    <metrics statements="125" coveredstatements="125" conditionals="111" coveredconditionals="103" methods="25" coveredmethods="25" elements="261" coveredelements="253" complexity="0" loc="125" ncloc="125" packages="6" files="12" classes="12"/>
    <package name="core">
      <metrics statements="4" coveredstatements="4" conditionals="0" coveredconditionals="0" methods="1" coveredmethods="1"/>
      <file name="exception-handler.ts" path="C:\xampp\htdocs\utilify\src\core\exception-handler.ts">
        <metrics statements="4" coveredstatements="4" conditionals="0" coveredconditionals="0" methods="1" coveredmethods="1"/>
        <line num="2" count="7" type="stmt"/>
        <line num="5" count="53" type="stmt"/>
        <line num="6" count="53" type="stmt"/>
        <line num="9" count="7" type="stmt"/>
      </file>
    </package>
    <package name="core.execution">
      <metrics statements="13" coveredstatements="13" conditionals="15" coveredconditionals="14" methods="4" coveredmethods="4"/>
      <file name="debounce.ts" path="C:\xampp\htdocs\utilify\src\core\execution\debounce.ts">
        <metrics statements="13" coveredstatements="13" conditionals="15" coveredconditionals="14" methods="4" coveredmethods="4"/>
        <line num="2" count="1" type="cond" truecount="3" falsecount="0"/>
        <line num="3" count="1" type="cond" truecount="3" falsecount="1"/>
        <line num="5" count="1" type="stmt"/>
        <line num="6" count="1" type="stmt"/>
        <line num="15" count="1" type="cond" truecount="1" falsecount="0"/>
        <line num="16" count="27" type="cond" truecount="2" falsecount="0"/>
        <line num="17" count="4" type="stmt"/>
        <line num="19" count="23" type="cond" truecount="5" falsecount="0"/>
        <line num="20" count="4" type="stmt"/>
        <line num="23" count="19" type="stmt"/>
        <line num="24" count="136" type="stmt"/>
        <line num="25" count="136" type="stmt"/>
        <line num="28" count="1" type="stmt"/>
      </file>
    </package>
    <package name="core.files">
      <metrics statements="36" coveredstatements="36" conditionals="36" coveredconditionals="34" methods="5" coveredmethods="5"/>
      <file name="get-file-extension.ts" path="C:\xampp\htdocs\utilify\src\core\files\get-file-extension.ts">
        <metrics statements="12" coveredstatements="12" conditionals="8" coveredconditionals="8" methods="1" coveredmethods="1"/>
        <line num="2" count="1" type="stmt"/>
        <line num="17" count="1" type="stmt"/>
        <line num="18" count="109" type="cond" truecount="4" falsecount="0"/>
        <line num="19" count="6" type="stmt"/>
        <line num="22" count="103" type="stmt"/>
        <line num="24" count="103" type="stmt"/>
        <line num="25" count="103" type="stmt"/>
        <line num="27" count="103" type="stmt"/>
        <line num="29" count="103" type="cond" truecount="4" falsecount="0"/>
        <line num="30" count="10" type="stmt"/>
        <line num="33" count="93" type="stmt"/>
        <line num="35" count="1" type="stmt"/>
      </file>
      <file name="get-file-size.ts" path="C:\xampp\htdocs\utilify\src\core\files\get-file-size.ts">
        <metrics statements="24" coveredstatements="24" conditionals="28" coveredconditionals="26" methods="4" coveredmethods="4"/>
        <line num="2" count="1" type="cond" truecount="3" falsecount="0"/>
        <line num="3" count="1" type="cond" truecount="3" falsecount="1"/>
        <line num="5" count="1" type="stmt"/>
        <line num="6" count="1" type="stmt"/>
        <line num="10" count="1" type="stmt"/>
        <line num="24" count="70" type="cond" truecount="4" falsecount="1"/>
        <line num="25" count="3" type="stmt"/>
        <line num="27" count="67" type="cond" truecount="4" falsecount="0"/>
        <line num="28" count="3" type="stmt"/>
        <line num="30" count="64" type="cond" truecount="5" falsecount="0"/>
        <line num="31" count="54" type="stmt"/>
        <line num="32" count="54" type="cond" truecount="5" falsecount="0"/>
        <line num="33" count="47" type="stmt"/>
        <line num="36" count="17" type="stmt"/>
        <line num="44" count="75" type="cond" truecount="2" falsecount="0"/>
        <line num="45" count="5" type="stmt"/>
        <line num="69" count="1" type="stmt"/>
        <line num="71" count="75" type="stmt"/>
        <line num="73" count="70" type="stmt"/>
        <line num="75" count="53" type="stmt"/>
        <line num="76" count="53" type="stmt"/>
        <line num="78" count="53" type="stmt"/>
        <line num="79" count="53" type="stmt"/>
        <line num="81" count="1" type="stmt"/>
      </file>
    </package>
    <package name="core.runners">
      <metrics statements="11" coveredstatements="11" conditionals="11" coveredconditionals="10" methods="4" coveredmethods="4"/>
      <file name="flow.ts" path="C:\xampp\htdocs\utilify\src\core\runners\flow.ts">
        <metrics statements="11" coveredstatements="11" conditionals="11" coveredconditionals="10" methods="4" coveredmethods="4"/>
        <line num="2" count="1" type="cond" truecount="3" falsecount="0"/>
        <line num="3" count="1" type="cond" truecount="3" falsecount="1"/>
        <line num="5" count="1" type="stmt"/>
        <line num="6" count="1" type="stmt"/>
        <line num="8" count="19" type="cond" truecount="2" falsecount="0"/>
        <line num="9" count="3" type="stmt"/>
        <line num="12" count="16" type="stmt"/>
        <line num="13" count="39" type="cond" truecount="2" falsecount="0"/>
        <line num="14" count="4" type="stmt"/>
        <line num="17" count="42" type="stmt"/>
        <line num="19" count="1" type="stmt"/>
      </file>
    </package>
    <package name="core.strings">
      <metrics statements="36" coveredstatements="36" conditionals="36" coveredconditionals="32" methods="8" coveredmethods="8"/>
      <file name="capitalize.ts" path="C:\xampp\htdocs\utilify\src\core\strings\capitalize.ts">
        <metrics statements="9" coveredstatements="9" conditionals="9" coveredconditionals="8" methods="2" coveredmethods="2"/>
        <line num="2" count="1" type="cond" truecount="3" falsecount="0"/>
        <line num="3" count="1" type="cond" truecount="3" falsecount="1"/>
        <line num="5" count="1" type="stmt"/>
        <line num="6" count="1" type="stmt"/>
        <line num="14" count="1" type="stmt"/>
        <line num="15" count="45" type="cond" truecount="2" falsecount="0"/>
        <line num="16" count="4" type="stmt"/>
        <line num="18" count="41" type="stmt"/>
        <line num="20" count="1" type="stmt"/>
      </file>
      <file name="to-kebab-case.ts" path="C:\xampp\htdocs\utilify\src\core\strings\to-kebab-case.ts">
        <metrics statements="9" coveredstatements="9" conditionals="9" coveredconditionals="8" methods="2" coveredmethods="2"/>
        <line num="2" count="1" type="cond" truecount="3" falsecount="0"/>
        <line num="3" count="1" type="cond" truecount="3" falsecount="1"/>
        <line num="5" count="1" type="stmt"/>
        <line num="6" count="1" type="stmt"/>
        <line num="14" count="1" type="stmt"/>
        <line num="15" count="51" type="cond" truecount="2" falsecount="0"/>
        <line num="16" count="4" type="stmt"/>
        <line num="18" count="47" type="stmt"/>
        <line num="23" count="1" type="stmt"/>
      </file>
      <file name="to-snake-case.ts" path="C:\xampp\htdocs\utilify\src\core\strings\to-snake-case.ts">
        <metrics statements="9" coveredstatements="9" conditionals="9" coveredconditionals="8" methods="2" coveredmethods="2"/>
        <line num="2" count="1" type="cond" truecount="3" falsecount="0"/>
        <line num="3" count="1" type="cond" truecount="3" falsecount="1"/>
        <line num="5" count="1" type="stmt"/>
        <line num="6" count="1" type="stmt"/>
        <line num="14" count="1" type="stmt"/>
        <line num="15" count="51" type="cond" truecount="2" falsecount="0"/>
        <line num="16" count="4" type="stmt"/>
        <line num="18" count="47" type="stmt"/>
        <line num="23" count="1" type="stmt"/>
      </file>
      <file name="trim.ts" path="C:\xampp\htdocs\utilify\src\core\strings\trim.ts">
        <metrics statements="9" coveredstatements="9" conditionals="9" coveredconditionals="8" methods="2" coveredmethods="2"/>
        <line num="2" count="1" type="cond" truecount="3" falsecount="0"/>
        <line num="3" count="1" type="cond" truecount="3" falsecount="1"/>
        <line num="5" count="1" type="stmt"/>
        <line num="6" count="1" type="stmt"/>
        <line num="14" count="1" type="stmt"/>
        <line num="15" count="37" type="cond" truecount="2" falsecount="0"/>
        <line num="16" count="4" type="stmt"/>
        <line num="18" count="33" type="stmt"/>
        <line num="20" count="1" type="stmt"/>
      </file>
    </package>
    <package name="core.validation">
      <metrics statements="25" coveredstatements="25" conditionals="13" coveredconditionals="13" methods="3" coveredmethods="3"/>
      <file name="is-empty.ts" path="C:\xampp\htdocs\utilify\src\core\validation\is-empty.ts">
        <metrics statements="12" coveredstatements="12" conditionals="8" coveredconditionals="8" methods="1" coveredmethods="1"/>
        <line num="2" count="1" type="stmt"/>
        <line num="11" count="1" type="stmt"/>
        <line num="12" count="34" type="cond" truecount="2" falsecount="0"/>
        <line num="13" count="2" type="stmt"/>
        <line num="15" count="32" type="cond" truecount="2" falsecount="0"/>
        <line num="16" count="1" type="stmt"/>
        <line num="18" count="31" type="cond" truecount="2" falsecount="0"/>
        <line num="19" count="11" type="stmt"/>
        <line num="21" count="20" type="cond" truecount="2" falsecount="0"/>
        <line num="22" count="12" type="stmt"/>
        <line num="24" count="8" type="stmt"/>
        <line num="26" count="1" type="stmt"/>
      </file>
      <file name="is-json.ts" path="C:\xampp\htdocs\utilify\src\core\validation\is-json.ts">
        <metrics statements="9" coveredstatements="9" conditionals="2" coveredconditionals="2" methods="1" coveredmethods="1"/>
        <line num="2" count="1" type="stmt"/>
        <line num="9" count="1" type="stmt"/>
        <line num="10" count="50" type="cond" truecount="2" falsecount="0"/>
        <line num="11" count="15" type="stmt"/>
        <line num="13" count="35" type="stmt"/>
        <line num="14" count="35" type="stmt"/>
        <line num="15" count="20" type="stmt"/>
        <line num="18" count="15" type="stmt"/>
        <line num="21" count="1" type="stmt"/>
      </file>
      <file name="is-object.ts" path="C:\xampp\htdocs\utilify\src\core\validation\is-object.ts">
        <metrics statements="4" coveredstatements="4" conditionals="3" coveredconditionals="3" methods="1" coveredmethods="1"/>
        <line num="2" count="1" type="stmt"/>
        <line num="9" count="1" type="stmt"/>
        <line num="10" count="51" type="cond" truecount="3" falsecount="0"/>
        <line num="14" count="1" type="stmt"/>
      </file>
    </package>
  </project>
</coverage>
