TN:
SF:src\core\exception-handler.ts
FN:4,(anonymous_0)
FNF:1
FNH:1
FNDA:53,(anonymous_0)
DA:2,7
DA:5,53
DA:6,53
DA:9,7
LF:4
LH:4
BRF:0
BRH:0
end_of_record
TN:
SF:src\core\execution\debounce.ts
FN:2,(anonymous_0)
FN:15,(anonymous_1)
FN:23,(anonymous_2)
FN:25,(anonymous_3)
FNF:4
FNH:4
FNDA:1,(anonymous_0)
FNDA:27,(anonymous_1)
FNDA:136,(anonymous_2)
FNDA:15,(anonymous_3)
DA:2,1
DA:3,1
DA:5,1
DA:6,1
DA:15,1
DA:16,27
DA:17,4
DA:19,23
DA:20,4
DA:23,19
DA:24,136
DA:25,136
DA:28,1
LF:13
LH:13
BRDA:2,0,0,1
BRDA:2,0,1,1
BRDA:2,0,2,1
BRDA:3,1,0,1
BRDA:3,1,1,0
BRDA:3,2,0,1
BRDA:3,2,1,1
BRDA:15,3,0,2
BRDA:16,4,0,4
BRDA:16,4,1,23
BRDA:19,5,0,4
BRDA:19,5,1,19
BRDA:19,6,0,23
BRDA:19,6,1,22
BRDA:19,6,2,21
BRF:15
BRH:14
end_of_record
TN:
SF:src\core\files\get-file-extension.ts
FN:17,(anonymous_0)
FNF:1
FNH:1
FNDA:109,(anonymous_0)
DA:2,1
DA:17,1
DA:18,109
DA:19,6
DA:22,103
DA:24,103
DA:25,103
DA:27,103
DA:29,103
DA:30,10
DA:33,93
DA:35,1
LF:12
LH:12
BRDA:18,0,0,6
BRDA:18,0,1,103
BRDA:18,1,0,109
BRDA:18,1,1,106
BRDA:29,2,0,10
BRDA:29,2,1,93
BRDA:29,3,0,103
BRDA:29,3,1,97
BRF:8
BRH:8
end_of_record
TN:
SF:src\core\files\get-file-size.ts
FN:2,(anonymous_0)
FN:23,extractSize
FN:43,validateUnit
FN:69,(anonymous_3)
FNF:4
FNH:4
FNDA:1,(anonymous_0)
FNDA:70,extractSize
FNDA:75,validateUnit
FNDA:75,(anonymous_3)
DA:2,1
DA:3,1
DA:5,1
DA:6,1
DA:10,1
DA:24,70
DA:25,3
DA:27,67
DA:28,3
DA:30,64
DA:31,54
DA:32,54
DA:33,47
DA:36,17
DA:44,75
DA:45,5
DA:69,1
DA:71,75
DA:73,70
DA:75,53
DA:76,53
DA:78,53
DA:79,53
DA:81,1
LF:24
LH:24
BRDA:2,0,0,1
BRDA:2,0,1,1
BRDA:2,0,2,1
BRDA:3,1,0,1
BRDA:3,1,1,0
BRDA:3,2,0,1
BRDA:3,2,1,1
BRDA:24,3,0,3
BRDA:24,3,1,67
BRDA:24,4,0,70
BRDA:24,4,1,67
BRDA:24,4,2,0
BRDA:27,5,0,3
BRDA:27,5,1,64
BRDA:27,6,0,67
BRDA:27,6,1,67
BRDA:30,7,0,54
BRDA:30,7,1,10
BRDA:30,8,0,64
BRDA:30,8,1,58
BRDA:30,8,2,56
BRDA:32,9,0,47
BRDA:32,9,1,7
BRDA:32,10,0,54
BRDA:32,10,1,54
BRDA:32,10,2,50
BRDA:44,11,0,5
BRDA:44,11,1,70
BRF:28
BRH:26
end_of_record
TN:
SF:src\core\runners\flow.ts
FN:2,(anonymous_0)
FN:7,flow
FN:17,(anonymous_2)
FN:17,(anonymous_3)
FNF:4
FNH:4
FNDA:1,(anonymous_0)
FNDA:19,flow
FNDA:17,(anonymous_2)
FNDA:42,(anonymous_3)
DA:2,1
DA:3,1
DA:5,1
DA:6,1
DA:8,19
DA:9,3
DA:12,16
DA:13,39
DA:14,4
DA:17,42
DA:19,1
LF:11
LH:11
BRDA:2,0,0,1
BRDA:2,0,1,1
BRDA:2,0,2,1
BRDA:3,1,0,1
BRDA:3,1,1,0
BRDA:3,2,0,1
BRDA:3,2,1,1
BRDA:8,3,0,3
BRDA:8,3,1,16
BRDA:13,4,0,4
BRDA:13,4,1,35
BRF:11
BRH:10
end_of_record
TN:
SF:src\core\strings\capitalize.ts
FN:2,(anonymous_0)
FN:14,(anonymous_1)
FNF:2
FNH:2
FNDA:1,(anonymous_0)
FNDA:45,(anonymous_1)
DA:2,1
DA:3,1
DA:5,1
DA:6,1
DA:14,1
DA:15,45
DA:16,4
DA:18,41
DA:20,1
LF:9
LH:9
BRDA:2,0,0,1
BRDA:2,0,1,1
BRDA:2,0,2,1
BRDA:3,1,0,1
BRDA:3,1,1,0
BRDA:3,2,0,1
BRDA:3,2,1,1
BRDA:15,3,0,4
BRDA:15,3,1,41
BRF:9
BRH:8
end_of_record
TN:
SF:src\core\strings\to-kebab-case.ts
FN:2,(anonymous_0)
FN:14,(anonymous_1)
FNF:2
FNH:2
FNDA:1,(anonymous_0)
FNDA:51,(anonymous_1)
DA:2,1
DA:3,1
DA:5,1
DA:6,1
DA:14,1
DA:15,51
DA:16,4
DA:18,47
DA:23,1
LF:9
LH:9
BRDA:2,0,0,1
BRDA:2,0,1,1
BRDA:2,0,2,1
BRDA:3,1,0,1
BRDA:3,1,1,0
BRDA:3,2,0,1
BRDA:3,2,1,1
BRDA:15,3,0,4
BRDA:15,3,1,47
BRF:9
BRH:8
end_of_record
TN:
SF:src\core\strings\to-snake-case.ts
FN:2,(anonymous_0)
FN:14,(anonymous_1)
FNF:2
FNH:2
FNDA:1,(anonymous_0)
FNDA:51,(anonymous_1)
DA:2,1
DA:3,1
DA:5,1
DA:6,1
DA:14,1
DA:15,51
DA:16,4
DA:18,47
DA:23,1
LF:9
LH:9
BRDA:2,0,0,1
BRDA:2,0,1,1
BRDA:2,0,2,1
BRDA:3,1,0,1
BRDA:3,1,1,0
BRDA:3,2,0,1
BRDA:3,2,1,1
BRDA:15,3,0,4
BRDA:15,3,1,47
BRF:9
BRH:8
end_of_record
TN:
SF:src\core\strings\trim.ts
FN:2,(anonymous_0)
FN:14,(anonymous_1)
FNF:2
FNH:2
FNDA:1,(anonymous_0)
FNDA:37,(anonymous_1)
DA:2,1
DA:3,1
DA:5,1
DA:6,1
DA:14,1
DA:15,37
DA:16,4
DA:18,33
DA:20,1
LF:9
LH:9
BRDA:2,0,0,1
BRDA:2,0,1,1
BRDA:2,0,2,1
BRDA:3,1,0,1
BRDA:3,1,1,0
BRDA:3,2,0,1
BRDA:3,2,1,1
BRDA:15,3,0,4
BRDA:15,3,1,33
BRF:9
BRH:8
end_of_record
TN:
SF:src\core\validation\is-empty.ts
FN:11,(anonymous_0)
FNF:1
FNH:1
FNDA:34,(anonymous_0)
DA:2,1
DA:11,1
DA:12,34
DA:13,2
DA:15,32
DA:16,1
DA:18,31
DA:19,11
DA:21,20
DA:22,12
DA:24,8
DA:26,1
LF:12
LH:12
BRDA:12,0,0,2
BRDA:12,0,1,32
BRDA:15,1,0,1
BRDA:15,1,1,31
BRDA:18,2,0,11
BRDA:18,2,1,20
BRDA:21,3,0,12
BRDA:21,3,1,8
BRF:8
BRH:8
end_of_record
TN:
SF:src\core\validation\is-json.ts
FN:9,(anonymous_0)
FNF:1
FNH:1
FNDA:50,(anonymous_0)
DA:2,1
DA:9,1
DA:10,50
DA:11,15
DA:13,35
DA:14,35
DA:15,20
DA:18,15
DA:21,1
LF:9
LH:9
BRDA:10,0,0,15
BRDA:10,0,1,35
BRF:2
BRH:2
end_of_record
TN:
SF:src\core\validation\is-object.ts
FN:9,(anonymous_0)
FNF:1
FNH:1
FNDA:51,(anonymous_0)
DA:2,1
DA:9,1
DA:10,51
DA:14,1
LF:4
LH:4
BRDA:10,0,0,51
BRDA:10,0,1,30
BRDA:10,0,2,24
BRF:3
BRH:3
end_of_record
